27-Nov-2022 21:51:09.199 INFORMACIÓN [main] org.apache.catalina.startup.VersionLoggerListener.log Nombre de la versión del servidor: Apache Tomcat/9.0.69
27-Nov-2022 21:51:09.251 INFORMACIÓN [main] org.apache.catalina.startup.VersionLoggerListener.log Server built:                      Nov 9 2022 18:43:47 UTC
27-Nov-2022 21:51:09.251 INFORMACIÓN [main] org.apache.catalina.startup.VersionLoggerListener.log Número de versión de servidor:     9.0.69.0
27-Nov-2022 21:51:09.251 INFORMACIÓN [main] org.apache.catalina.startup.VersionLoggerListener.log OS Name:                           Windows 10
27-Nov-2022 21:51:09.251 INFORMACIÓN [main] org.apache.catalina.startup.VersionLoggerListener.log Versión de Systema Operativo:      10.0
27-Nov-2022 21:51:09.251 INFORMACIÓN [main] org.apache.catalina.startup.VersionLoggerListener.log Arquitectura:                      amd64
27-Nov-2022 21:51:09.251 INFORMACIÓN [main] org.apache.catalina.startup.VersionLoggerListener.log Java Home:                         C:\Mateo\JDK\jre
27-Nov-2022 21:51:09.251 INFORMACIÓN [main] org.apache.catalina.startup.VersionLoggerListener.log JVM Version:                       1.8.0_202-b08
27-Nov-2022 21:51:09.251 INFORMACIÓN [main] org.apache.catalina.startup.VersionLoggerListener.log Vededor JVM:                       Oracle Corporation
27-Nov-2022 21:51:09.251 INFORMACIÓN [main] org.apache.catalina.startup.VersionLoggerListener.log CATALINA_BASE:                     C:\Mateo\Toncast\apache-tomcat-9.0.69
27-Nov-2022 21:51:09.251 INFORMACIÓN [main] org.apache.catalina.startup.VersionLoggerListener.log CATALINA_HOME:                     C:\Mateo\Toncast\apache-tomcat-9.0.69
27-Nov-2022 21:51:09.256 INFORMACIÓN [main] org.apache.catalina.startup.VersionLoggerListener.log Command line argument:             -Djava.util.logging.config.file=C:\Mateo\Toncast\apache-tomcat-9.0.69\conf\logging.properties
27-Nov-2022 21:51:09.256 INFORMACIÓN [main] org.apache.catalina.startup.VersionLoggerListener.log Command line argument:             -Djava.util.logging.manager=org.apache.juli.ClassLoaderLogManager
27-Nov-2022 21:51:09.256 INFORMACIÓN [main] org.apache.catalina.startup.VersionLoggerListener.log Command line argument:             -Djdk.tls.ephemeralDHKeySize=2048
27-Nov-2022 21:51:09.256 INFORMACIÓN [main] org.apache.catalina.startup.VersionLoggerListener.log Command line argument:             -Djava.protocol.handler.pkgs=org.apache.catalina.webresources
27-Nov-2022 21:51:09.256 INFORMACIÓN [main] org.apache.catalina.startup.VersionLoggerListener.log Command line argument:             -Dignore.endorsed.dirs=
27-Nov-2022 21:51:09.256 INFORMACIÓN [main] org.apache.catalina.startup.VersionLoggerListener.log Command line argument:             -Dcatalina.base=C:\Mateo\Toncast\apache-tomcat-9.0.69
27-Nov-2022 21:51:09.256 INFORMACIÓN [main] org.apache.catalina.startup.VersionLoggerListener.log Command line argument:             -Dcatalina.home=C:\Mateo\Toncast\apache-tomcat-9.0.69
27-Nov-2022 21:51:09.256 INFORMACIÓN [main] org.apache.catalina.startup.VersionLoggerListener.log Command line argument:             -Djava.io.tmpdir=C:\Mateo\Toncast\apache-tomcat-9.0.69\temp
27-Nov-2022 21:51:09.304 INFORMACIÓN [main] org.apache.catalina.core.AprLifecycleListener.lifecycleEvent Cargada la biblioteca nativa APR de Apache Tomcat [1.2.35] con la versión APR [1.7.0].
27-Nov-2022 21:51:09.304 INFORMACIÓN [main] org.apache.catalina.core.AprLifecycleListener.lifecycleEvent Capacidades APR: IPv6 [true], enviar fichero [true], aceptar filtros [false], aleatorio [true], UDS [true].
27-Nov-2022 21:51:09.304 INFORMACIÓN [main] org.apache.catalina.core.AprLifecycleListener.lifecycleEvent APR/OpenSSL configuration: useAprConnector [false], useOpenSSL [true]
27-Nov-2022 21:51:09.313 INFORMACIÓN [main] org.apache.catalina.core.AprLifecycleListener.initializeSSL OpenSSL inicializado correctamente [OpenSSL 1.1.1q  5 Jul 2022]
27-Nov-2022 21:51:10.290 INFORMACIÓN [main] org.apache.coyote.AbstractProtocol.init Inicializando el manejador de protocolo ["http-nio-8080"]

27-Nov-2022 21:51:10.341 INFORMACIÓN [main] org.apache.catalina.startup.Catalina.load Server initialization in [1448] milliseconds
27-Nov-2022 21:51:10.419 INFORMACIÓN [main] org.apache.catalina.core.StandardService.startInternal Arrancando servicio [Catalina]
27-Nov-2022 21:51:10.420 INFORMACIÓN [main] org.apache.catalina.core.StandardEngine.startInternal Starting Servlet engine: [Apache Tomcat/9.0.69]
27-Nov-2022 21:51:10.433 INFORMACIÓN [main] org.apache.catalina.startup.HostConfig.deployDirectory Desplegando el directorio [C:\Mateo\Toncast\apache-tomcat-9.0.69\webapps\docs] de la aplicación web
27-Nov-2022 21:51:11.054 ADVERTENCIA [main] org.apache.catalina.util.SessionIdGeneratorBase.createSecureRandom Creation of SecureRandom instance for session ID generation using [SHA1PRNG] took [206] milliseconds.
27-Nov-2022 21:51:11.098 INFORMACIÓN [main] org.apache.catalina.startup.HostConfig.deployDirectory Deployment of web application directory [C:\Mateo\Toncast\apache-tomcat-9.0.69\webapps\docs] has finished in [664] ms
27-Nov-2022 21:51:11.099 INFORMACIÓN [main] org.apache.catalina.startup.HostConfig.deployDirectory Desplegando el directorio [C:\Mateo\Toncast\apache-tomcat-9.0.69\webapps\examples] de la aplicación web
27-Nov-2022 21:51:13.200 INFORMACIÓN [main] org.apache.catalina.startup.HostConfig.deployDirectory Deployment of web application directory [C:\Mateo\Toncast\apache-tomcat-9.0.69\webapps\examples] has finished in [2.100] ms
27-Nov-2022 21:51:13.200 INFORMACIÓN [main] org.apache.catalina.startup.HostConfig.deployDirectory Desplegando el directorio [C:\Mateo\Toncast\apache-tomcat-9.0.69\webapps\host-manager] de la aplicación web
27-Nov-2022 21:51:13.265 INFORMACIÓN [main] org.apache.catalina.startup.HostConfig.deployDirectory Deployment of web application directory [C:\Mateo\Toncast\apache-tomcat-9.0.69\webapps\host-manager] has finished in [65] ms
27-Nov-2022 21:51:13.265 INFORMACIÓN [main] org.apache.catalina.startup.HostConfig.deployDirectory Desplegando el directorio [C:\Mateo\Toncast\apache-tomcat-9.0.69\webapps\manager] de la aplicación web
27-Nov-2022 21:51:13.316 INFORMACIÓN [main] org.apache.catalina.startup.HostConfig.deployDirectory Deployment of web application directory [C:\Mateo\Toncast\apache-tomcat-9.0.69\webapps\manager] has finished in [51] ms
27-Nov-2022 21:51:13.316 INFORMACIÓN [main] org.apache.catalina.startup.HostConfig.deployDirectory Desplegando el directorio [C:\Mateo\Toncast\apache-tomcat-9.0.69\webapps\ROOT] de la aplicación web
27-Nov-2022 21:51:13.350 INFORMACIÓN [main] org.apache.catalina.startup.HostConfig.deployDirectory Deployment of web application directory [C:\Mateo\Toncast\apache-tomcat-9.0.69\webapps\ROOT] has finished in [34] ms
27-Nov-2022 21:51:13.355 INFORMACIÓN [main] org.apache.coyote.AbstractProtocol.start Starting ProtocolHandler ["http-nio-8080"]
27-Nov-2022 21:51:13.374 INFORMACIÓN [main] org.apache.catalina.startup.Catalina.start Server startup in [3032] milliseconds
27-Nov-2022 21:51:23.374 INFORMACIÓN [http-nio-8080-exec-10] org.apache.catalina.startup.HostConfig.deployDescriptor Desplieque del descriptor de configuración [C:\Mateo\Toncast\apache-tomcat-9.0.69\conf\Catalina\localhost\WebApplication1.xml]
27-Nov-2022 21:51:23.377 ADVERTENCIA [http-nio-8080-exec-10] org.apache.catalina.startup.HostConfig.deployDescriptor The path attribute with value [/WebApplication1] in deployment descriptor [C:\Mateo\Toncast\apache-tomcat-9.0.69\conf\Catalina\localhost\WebApplication1.xml] has been ignored
27-Nov-2022 21:51:24.483 INFORMACIÓN [http-nio-8080-exec-10] com.sun.faces.config.ConfigureListener.contextInitialized Inicializando Mojarra 2.3.9 ( 20190401-1936 77894020e94a338c9701619b7ef6e9871c5a9079) para el contexto '/WebApplication1'
27-Nov-2022 21:51:24.696 INFORMACIÓN [http-nio-8080-exec-10] com.sun.faces.spi.InjectionProviderFactory.createInstance JSF1048: hay presentes anotaciones PostConstruct/PreDestroy.  Los métodos de beans administrados marcados con estas anotaciones procesarán dichas anotaciones.
27-Nov-2022 21:51:25.539 INFORMACIÓN [http-nio-8080-exec-10] org.apache.catalina.startup.HostConfig.deployDescriptor Deployment of deployment descriptor [C:\Mateo\Toncast\apache-tomcat-9.0.69\conf\Catalina\localhost\WebApplication1.xml] has finished in [2.164] ms
27-Nov-2022 21:51:25.549 INFORMACIÓN [http-nio-8080-exec-1] org.apache.catalina.util.LifecycleBase.start The start() method was called on component [StandardEngine[Catalina].StandardHost[localhost].StandardContext[/WebApplication1]] after start() had already been called. The second call will be ignored.
27-Nov-2022 21:57:29.468 INFORMACIÓN [http-nio-8080-exec-6] org.apache.catalina.startup.HostConfig.undeploy Repliegue (undeploy) de la aplicación web que tiene como trayectoria de contexto [/WebApplication1]
27-Nov-2022 22:06:07.677 INFORMACIÓN [http-nio-8080-exec-17] org.apache.catalina.startup.HostConfig.deployDescriptor Desplieque del descriptor de configuración [C:\Mateo\Toncast\apache-tomcat-9.0.69\conf\Catalina\localhost\CineItsco.xml]
27-Nov-2022 22:06:07.680 ADVERTENCIA [http-nio-8080-exec-17] org.apache.catalina.startup.HostConfig.deployDescriptor The path attribute with value [/CineItsco] in deployment descriptor [C:\Mateo\Toncast\apache-tomcat-9.0.69\conf\Catalina\localhost\CineItsco.xml] has been ignored
27-Nov-2022 22:06:08.572 INFORMACIÓN [http-nio-8080-exec-17] com.sun.faces.config.ConfigureListener.contextInitialized Inicializando Mojarra 2.3.9 ( 20190401-1936 77894020e94a338c9701619b7ef6e9871c5a9079) para el contexto '/CineItsco'
27-Nov-2022 22:06:08.709 INFORMACIÓN [http-nio-8080-exec-17] com.sun.faces.spi.InjectionProviderFactory.createInstance JSF1048: hay presentes anotaciones PostConstruct/PreDestroy.  Los métodos de beans administrados marcados con estas anotaciones procesarán dichas anotaciones.
27-Nov-2022 22:06:09.516 INFORMACIÓN [http-nio-8080-exec-17] org.apache.catalina.startup.HostConfig.deployDescriptor Deployment of deployment descriptor [C:\Mateo\Toncast\apache-tomcat-9.0.69\conf\Catalina\localhost\CineItsco.xml] has finished in [1.839] ms
27-Nov-2022 22:06:09.521 INFORMACIÓN [http-nio-8080-exec-18] org.apache.catalina.util.LifecycleBase.start The start() method was called on component [StandardEngine[Catalina].StandardHost[localhost].StandardContext[/CineItsco]] after start() had already been called. The second call will be ignored.
27-Nov-2022 22:12:02.613 INFORMACIÓN [http-nio-8080-exec-13] org.apache.catalina.startup.HostConfig.undeploy Repliegue (undeploy) de la aplicación web que tiene como trayectoria de contexto []
27-Nov-2022 22:12:02.640 INFORMACIÓN [http-nio-8080-exec-11] org.apache.catalina.startup.HostConfig.deployDescriptor Desplieque del descriptor de configuración [C:\Mateo\Toncast\apache-tomcat-9.0.69\conf\Catalina\localhost\ROOT.xml]
27-Nov-2022 22:12:02.644 ADVERTENCIA [http-nio-8080-exec-11] org.apache.catalina.startup.HostConfig.deployDescriptor The path attribute with value [] in deployment descriptor [C:\Mateo\Toncast\apache-tomcat-9.0.69\conf\Catalina\localhost\ROOT.xml] has been ignored
27-Nov-2022 22:12:03.118 INFORMACIÓN [http-nio-8080-exec-11] org.apache.jasper.servlet.TldScanner.scanJars Al menos un JAR, que se ha explorado buscando TLDs, aún no contenía TLDs. Activar historial de depuración para este historiador para una completa lista de los JARs que fueron explorados y de los que nos se halló TLDs. Saltarse JARs no necesarios durante la exploración puede dar lugar a una mejora de tiempo significativa en el arranque y compilación de JSP .
27-Nov-2022 22:12:03.129 INFORMACIÓN [http-nio-8080-exec-11] org.apache.catalina.startup.HostConfig.deployDescriptor Deployment of deployment descriptor [C:\Mateo\Toncast\apache-tomcat-9.0.69\conf\Catalina\localhost\ROOT.xml] has finished in [489] ms
27-Nov-2022 22:12:03.137 INFORMACIÓN [http-nio-8080-exec-18] org.apache.catalina.util.LifecycleBase.start The start() method was called on component [StandardEngine[Catalina].StandardHost[localhost].StandardContext[]] after start() had already been called. The second call will be ignored.
27-Nov-2022 22:14:30.500 INFORMACIÓN [http-nio-8080-exec-23] org.apache.catalina.core.StandardContext.reload Ha comenzado la recarga de Contexto [/CineItsco]
27-Nov-2022 22:14:31.760 INFORMACIÓN [http-nio-8080-exec-23] com.sun.faces.config.ConfigureListener.contextInitialized Inicializando Mojarra 2.3.9 ( 20190401-1936 77894020e94a338c9701619b7ef6e9871c5a9079) para el contexto '/CineItsco'
27-Nov-2022 22:14:31.973 INFORMACIÓN [http-nio-8080-exec-23] com.sun.faces.spi.InjectionProviderFactory.createInstance JSF1048: hay presentes anotaciones PostConstruct/PreDestroy.  Los métodos de beans administrados marcados con estas anotaciones procesarán dichas anotaciones.
27-Nov-2022 22:14:32.825 INFORMACIÓN [http-nio-8080-exec-23] org.apache.catalina.core.StandardContext.reload Se ha completado la recarga de este Contexto
27-Nov-2022 22:14:33.158 INFORMACIÓN [http-nio-8080-exec-27] org.apache.catalina.core.StandardContext.reload Ha comenzado la recarga de Contexto [/CineItsco]
27-Nov-2022 22:14:34.193 INFORMACIÓN [http-nio-8080-exec-27] com.sun.faces.config.ConfigureListener.contextInitialized Inicializando Mojarra 2.3.9 ( 20190401-1936 77894020e94a338c9701619b7ef6e9871c5a9079) para el contexto '/CineItsco'
27-Nov-2022 22:14:34.365 INFORMACIÓN [http-nio-8080-exec-27] com.sun.faces.spi.InjectionProviderFactory.createInstance JSF1048: hay presentes anotaciones PostConstruct/PreDestroy.  Los métodos de beans administrados marcados con estas anotaciones procesarán dichas anotaciones.
27-Nov-2022 22:14:35.209 INFORMACIÓN [http-nio-8080-exec-27] org.apache.catalina.core.StandardContext.reload Se ha completado la recarga de este Contexto
27-Nov-2022 22:15:09.222 INFORMACIÓN [http-nio-8080-exec-21] org.apache.catalina.core.StandardContext.reload Ha comenzado la recarga de Contexto [/CineItsco]
27-Nov-2022 22:15:10.186 INFORMACIÓN [http-nio-8080-exec-21] com.sun.faces.config.ConfigureListener.contextInitialized Inicializando Mojarra 2.3.9 ( 20190401-1936 77894020e94a338c9701619b7ef6e9871c5a9079) para el contexto '/CineItsco'
27-Nov-2022 22:15:10.386 INFORMACIÓN [http-nio-8080-exec-21] com.sun.faces.spi.InjectionProviderFactory.createInstance JSF1048: hay presentes anotaciones PostConstruct/PreDestroy.  Los métodos de beans administrados marcados con estas anotaciones procesarán dichas anotaciones.
27-Nov-2022 22:15:11.256 INFORMACIÓN [http-nio-8080-exec-21] org.apache.catalina.core.StandardContext.reload Se ha completado la recarga de este Contexto
27-Nov-2022 22:16:30.637 INFORMACIÓN [http-nio-8080-exec-33] org.apache.catalina.core.StandardContext.reload Ha comenzado la recarga de Contexto [/CineItsco]
27-Nov-2022 22:16:31.644 INFORMACIÓN [http-nio-8080-exec-33] com.sun.faces.config.ConfigureListener.contextInitialized Inicializando Mojarra 2.3.9 ( 20190401-1936 77894020e94a338c9701619b7ef6e9871c5a9079) para el contexto '/CineItsco'
27-Nov-2022 22:16:31.770 INFORMACIÓN [http-nio-8080-exec-33] com.sun.faces.spi.InjectionProviderFactory.createInstance JSF1048: hay presentes anotaciones PostConstruct/PreDestroy.  Los métodos de beans administrados marcados con estas anotaciones procesarán dichas anotaciones.
27-Nov-2022 22:16:32.589 INFORMACIÓN [http-nio-8080-exec-33] org.apache.catalina.core.StandardContext.reload Se ha completado la recarga de este Contexto
27-Nov-2022 22:16:32.919 INFORMACIÓN [http-nio-8080-exec-35] org.apache.catalina.core.StandardContext.reload Ha comenzado la recarga de Contexto [/CineItsco]
27-Nov-2022 22:16:34.098 INFORMACIÓN [http-nio-8080-exec-35] com.sun.faces.config.ConfigureListener.contextInitialized Inicializando Mojarra 2.3.9 ( 20190401-1936 77894020e94a338c9701619b7ef6e9871c5a9079) para el contexto '/CineItsco'
27-Nov-2022 22:16:34.205 INFORMACIÓN [http-nio-8080-exec-35] com.sun.faces.spi.InjectionProviderFactory.createInstance JSF1048: hay presentes anotaciones PostConstruct/PreDestroy.  Los métodos de beans administrados marcados con estas anotaciones procesarán dichas anotaciones.
27-Nov-2022 22:16:35.083 INFORMACIÓN [http-nio-8080-exec-35] org.apache.catalina.core.StandardContext.reload Se ha completado la recarga de este Contexto
27-Nov-2022 22:16:54.691 INFORMACIÓN [http-nio-8080-exec-25] org.apache.catalina.core.StandardContext.reload Ha comenzado la recarga de Contexto [/CineItsco]
27-Nov-2022 22:16:55.656 INFORMACIÓN [http-nio-8080-exec-25] com.sun.faces.config.ConfigureListener.contextInitialized Inicializando Mojarra 2.3.9 ( 20190401-1936 77894020e94a338c9701619b7ef6e9871c5a9079) para el contexto '/CineItsco'
27-Nov-2022 22:16:55.773 INFORMACIÓN [http-nio-8080-exec-25] com.sun.faces.spi.InjectionProviderFactory.createInstance JSF1048: hay presentes anotaciones PostConstruct/PreDestroy.  Los métodos de beans administrados marcados con estas anotaciones procesarán dichas anotaciones.
27-Nov-2022 22:16:56.649 INFORMACIÓN [http-nio-8080-exec-25] org.apache.catalina.core.StandardContext.reload Se ha completado la recarga de este Contexto
27-Nov-2022 22:16:57.001 INFORMACIÓN [http-nio-8080-exec-39] org.apache.catalina.core.StandardContext.reload Ha comenzado la recarga de Contexto [/CineItsco]
27-Nov-2022 22:16:58.075 INFORMACIÓN [http-nio-8080-exec-39] com.sun.faces.config.ConfigureListener.contextInitialized Inicializando Mojarra 2.3.9 ( 20190401-1936 77894020e94a338c9701619b7ef6e9871c5a9079) para el contexto '/CineItsco'
27-Nov-2022 22:16:58.186 INFORMACIÓN [http-nio-8080-exec-39] com.sun.faces.spi.InjectionProviderFactory.createInstance JSF1048: hay presentes anotaciones PostConstruct/PreDestroy.  Los métodos de beans administrados marcados con estas anotaciones procesarán dichas anotaciones.
27-Nov-2022 22:16:58.860 INFORMACIÓN [http-nio-8080-exec-39] org.apache.catalina.core.StandardContext.reload Se ha completado la recarga de este Contexto
27-Nov-2022 22:16:59.690 INFORMACIÓN [http-nio-8080-exec-22] org.apache.catalina.core.StandardContext.reload Ha comenzado la recarga de Contexto [/CineItsco]
27-Nov-2022 22:17:00.780 INFORMACIÓN [http-nio-8080-exec-22] com.sun.faces.config.ConfigureListener.contextInitialized Inicializando Mojarra 2.3.9 ( 20190401-1936 77894020e94a338c9701619b7ef6e9871c5a9079) para el contexto '/CineItsco'
27-Nov-2022 22:17:00.933 INFORMACIÓN [http-nio-8080-exec-22] com.sun.faces.spi.InjectionProviderFactory.createInstance JSF1048: hay presentes anotaciones PostConstruct/PreDestroy.  Los métodos de beans administrados marcados con estas anotaciones procesarán dichas anotaciones.
27-Nov-2022 22:17:01.745 INFORMACIÓN [http-nio-8080-exec-22] org.apache.catalina.core.StandardContext.reload Se ha completado la recarga de este Contexto
27-Nov-2022 22:17:02.074 INFORMACIÓN [http-nio-8080-exec-42] org.apache.catalina.core.StandardContext.reload Ha comenzado la recarga de Contexto [/CineItsco]
27-Nov-2022 22:17:02.999 INFORMACIÓN [http-nio-8080-exec-42] com.sun.faces.config.ConfigureListener.contextInitialized Inicializando Mojarra 2.3.9 ( 20190401-1936 77894020e94a338c9701619b7ef6e9871c5a9079) para el contexto '/CineItsco'
27-Nov-2022 22:17:03.117 INFORMACIÓN [http-nio-8080-exec-42] com.sun.faces.spi.InjectionProviderFactory.createInstance JSF1048: hay presentes anotaciones PostConstruct/PreDestroy.  Los métodos de beans administrados marcados con estas anotaciones procesarán dichas anotaciones.
27-Nov-2022 22:17:03.809 INFORMACIÓN [http-nio-8080-exec-42] org.apache.catalina.core.StandardContext.reload Se ha completado la recarga de este Contexto
27-Nov-2022 22:17:17.280 INFORMACIÓN [http-nio-8080-exec-30] org.apache.catalina.core.StandardContext.reload Ha comenzado la recarga de Contexto [/CineItsco]
27-Nov-2022 22:17:18.248 INFORMACIÓN [http-nio-8080-exec-30] com.sun.faces.config.ConfigureListener.contextInitialized Inicializando Mojarra 2.3.9 ( 20190401-1936 77894020e94a338c9701619b7ef6e9871c5a9079) para el contexto '/CineItsco'
27-Nov-2022 22:17:18.356 INFORMACIÓN [http-nio-8080-exec-30] com.sun.faces.spi.InjectionProviderFactory.createInstance JSF1048: hay presentes anotaciones PostConstruct/PreDestroy.  Los métodos de beans administrados marcados con estas anotaciones procesarán dichas anotaciones.
27-Nov-2022 22:17:19.123 INFORMACIÓN [http-nio-8080-exec-30] org.apache.catalina.core.StandardContext.reload Se ha completado la recarga de este Contexto
27-Nov-2022 22:17:19.454 INFORMACIÓN [http-nio-8080-exec-36] org.apache.catalina.core.StandardContext.reload Ha comenzado la recarga de Contexto [/CineItsco]
27-Nov-2022 22:17:20.316 INFORMACIÓN [http-nio-8080-exec-36] com.sun.faces.config.ConfigureListener.contextInitialized Inicializando Mojarra 2.3.9 ( 20190401-1936 77894020e94a338c9701619b7ef6e9871c5a9079) para el contexto '/CineItsco'
27-Nov-2022 22:17:20.429 INFORMACIÓN [http-nio-8080-exec-36] com.sun.faces.spi.InjectionProviderFactory.createInstance JSF1048: hay presentes anotaciones PostConstruct/PreDestroy.  Los métodos de beans administrados marcados con estas anotaciones procesarán dichas anotaciones.
27-Nov-2022 22:17:21.111 INFORMACIÓN [http-nio-8080-exec-36] org.apache.catalina.core.StandardContext.reload Se ha completado la recarga de este Contexto
27-Nov-2022 22:38:24.689 INFORMACIÓN [http-nio-8080-exec-51] org.apache.catalina.core.StandardContext.reload Ha comenzado la recarga de Contexto [/CineItsco]
27-Nov-2022 22:38:26.972 INFORMACIÓN [http-nio-8080-exec-51] com.sun.faces.config.ConfigureListener.contextInitialized Inicializando Mojarra 2.3.9 ( 20190401-1936 77894020e94a338c9701619b7ef6e9871c5a9079) para el contexto '/CineItsco'
27-Nov-2022 22:38:27.260 INFORMACIÓN [http-nio-8080-exec-51] com.sun.faces.spi.InjectionProviderFactory.createInstance JSF1048: hay presentes anotaciones PostConstruct/PreDestroy.  Los métodos de beans administrados marcados con estas anotaciones procesarán dichas anotaciones.
27-Nov-2022 22:38:28.275 INFORMACIÓN [http-nio-8080-exec-51] org.apache.catalina.core.StandardContext.reload Se ha completado la recarga de este Contexto
27-Nov-2022 22:38:28.343 INFORMACIÓN [http-nio-8080-exec-49] org.apache.catalina.core.StandardContext.reload Ha comenzado la recarga de Contexto [/CineItsco]
27-Nov-2022 22:38:29.523 INFORMACIÓN [http-nio-8080-exec-49] com.sun.faces.config.ConfigureListener.contextInitialized Inicializando Mojarra 2.3.9 ( 20190401-1936 77894020e94a338c9701619b7ef6e9871c5a9079) para el contexto '/CineItsco'
27-Nov-2022 22:38:29.993 INFORMACIÓN [http-nio-8080-exec-49] com.sun.faces.spi.InjectionProviderFactory.createInstance JSF1048: hay presentes anotaciones PostConstruct/PreDestroy.  Los métodos de beans administrados marcados con estas anotaciones procesarán dichas anotaciones.
27-Nov-2022 22:38:30.794 INFORMACIÓN [http-nio-8080-exec-49] org.apache.catalina.core.StandardContext.reload Se ha completado la recarga de este Contexto
27-Nov-2022 22:38:33.512 1100 [http-nio-8080-exec-57] com.sun.faces.context.ExceptionHandlerImpl.log JSF1073: se ha interceptado javax.faces.view.facelets.FaceletException durante el procesamiento de RESTORE_VIEW 1 : UIComponent-ClientId=, Mensaje=Error Parsing /index.xhtml: Error Traced[line: 11] El tipo de elemento "meta" debe finalizar por la etiqueta final coincidente "</meta>".
27-Nov-2022 22:38:33.513 1100 [http-nio-8080-exec-57] com.sun.faces.context.ExceptionHandlerImpl.log Error Parsing /index.xhtml: Error Traced[line: 11] El tipo de elemento "meta" debe finalizar por la etiqueta final coincidente "</meta>".
	javax.faces.view.facelets.FaceletException: Error Parsing /index.xhtml: Error Traced[line: 11] El tipo de elemento "meta" debe finalizar por la etiqueta final coincidente "</meta>".
		at com.sun.faces.facelets.compiler.SAXCompiler.doCompile(SAXCompiler.java:487)
		at com.sun.faces.facelets.compiler.SAXCompiler.doMetadataCompile(SAXCompiler.java:470)
		at com.sun.faces.facelets.compiler.Compiler.metadataCompile(Compiler.java:130)
		at com.sun.faces.facelets.impl.DefaultFaceletFactory.createMetadataFacelet(DefaultFaceletFactory.java:497)
		at com.sun.faces.facelets.impl.DefaultFaceletFactory.access$200(DefaultFaceletFactory.java:107)
		at com.sun.faces.facelets.impl.DefaultFaceletFactory$2.newInstance(DefaultFaceletFactory.java:208)
		at com.sun.faces.facelets.impl.DefaultFaceletFactory$2.newInstance(DefaultFaceletFactory.java:205)
		at com.sun.faces.facelets.impl.DefaultFaceletCache$2.newInstance(DefaultFaceletCache.java:100)
		at com.sun.faces.facelets.impl.DefaultFaceletCache$2.newInstance(DefaultFaceletCache.java:93)
		at com.sun.faces.util.ExpiringConcurrentCache$1.call(ExpiringConcurrentCache.java:100)
		at java.util.concurrent.FutureTask.run(FutureTask.java:266)
		at com.sun.faces.util.ExpiringConcurrentCache.get(ExpiringConcurrentCache.java:115)
		at com.sun.faces.facelets.impl.DefaultFaceletCache.getViewMetadataFacelet(DefaultFaceletCache.java:148)
		at com.sun.faces.facelets.impl.DefaultFaceletCache.getViewMetadataFacelet(DefaultFaceletCache.java:63)
		at com.sun.faces.facelets.impl.DefaultFaceletFactory.getMetadataFacelet(DefaultFaceletFactory.java:310)
		at com.sun.faces.facelets.impl.DefaultFaceletFactory.getMetadataFacelet(DefaultFaceletFactory.java:240)
		at com.sun.faces.application.view.ViewMetadataImpl.createMetadataView(ViewMetadataImpl.java:146)
		at com.sun.faces.lifecycle.RestoreViewPhase.execute(RestoreViewPhase.java:247)
		at com.sun.faces.lifecycle.Phase.doPhase(Phase.java:100)
		at com.sun.faces.lifecycle.RestoreViewPhase.doPhase(RestoreViewPhase.java:133)
		at com.sun.faces.lifecycle.LifecycleImpl.execute(LifecycleImpl.java:201)
		at javax.faces.webapp.FacesServlet.service(FacesServlet.java:670)
		at org.apache.catalina.core.ApplicationFilterChain.internalDoFilter(ApplicationFilterChain.java:227)
		at org.apache.catalina.core.ApplicationFilterChain.doFilter(ApplicationFilterChain.java:162)
		at org.apache.tomcat.websocket.server.WsFilter.doFilter(WsFilter.java:53)
		at org.apache.catalina.core.ApplicationFilterChain.internalDoFilter(ApplicationFilterChain.java:189)
		at org.apache.catalina.core.ApplicationFilterChain.doFilter(ApplicationFilterChain.java:162)
		at org.apache.catalina.core.StandardWrapperValve.invoke(StandardWrapperValve.java:177)
		at org.apache.catalina.core.StandardContextValve.invoke(StandardContextValve.java:97)
		at org.apache.catalina.authenticator.AuthenticatorBase.invoke(AuthenticatorBase.java:541)
		at org.apache.catalina.core.StandardHostValve.invoke(StandardHostValve.java:135)
		at org.apache.catalina.valves.ErrorReportValve.invoke(ErrorReportValve.java:92)
		at org.apache.catalina.valves.AbstractAccessLogValve.invoke(AbstractAccessLogValve.java:687)
		at org.apache.catalina.core.StandardEngineValve.invoke(StandardEngineValve.java:78)
		at org.apache.catalina.connector.CoyoteAdapter.service(CoyoteAdapter.java:360)
		at org.apache.coyote.http11.Http11Processor.service(Http11Processor.java:399)
		at org.apache.coyote.AbstractProcessorLight.process(AbstractProcessorLight.java:65)
		at org.apache.coyote.AbstractProtocol$ConnectionHandler.process(AbstractProtocol.java:891)
		at org.apache.tomcat.util.net.NioEndpoint$SocketProcessor.doRun(NioEndpoint.java:1784)
		at org.apache.tomcat.util.net.SocketProcessorBase.run(SocketProcessorBase.java:49)
		at org.apache.tomcat.util.threads.ThreadPoolExecutor.runWorker(ThreadPoolExecutor.java:1191)
		at org.apache.tomcat.util.threads.ThreadPoolExecutor$Worker.run(ThreadPoolExecutor.java:659)
		at org.apache.tomcat.util.threads.TaskThread$WrappingRunnable.run(TaskThread.java:61)
		at java.lang.Thread.run(Thread.java:748)
27-Nov-2022 22:39:24.894 INFORMACIÓN [main] org.apache.catalina.core.StandardServer.await Se ha recibido un comando de apagado a través del puerto de apagado. Parando la instancia del Servidor.
27-Nov-2022 22:39:24.898 INFORMACIÓN [main] org.apache.coyote.AbstractProtocol.pause Pausing ProtocolHandler ["http-nio-8080"]
27-Nov-2022 22:39:25.178 INFORMACIÓN [main] org.apache.catalina.core.StandardService.stopInternal Parando servicio [Catalina]
27-Nov-2022 22:39:25.215 INFORMACIÓN [main] org.apache.coyote.AbstractProtocol.stop Stopping ProtocolHandler ["http-nio-8080"]
27-Nov-2022 22:39:25.238 INFORMACIÓN [main] org.apache.coyote.AbstractProtocol.destroy Destroying ProtocolHandler ["http-nio-8080"]
